\BOOKMARK [1][-]{section.1}{Introduction}{}% 1
\BOOKMARK [1][-]{section.2}{Software\040Requirements}{}% 2
\BOOKMARK [1][-]{section.3}{A\040general\040comment\040on\040fit\040complexity}{}% 3
\BOOKMARK [1][-]{section.4}{TODO}{}% 4
\BOOKMARK [1][-]{section.5}{The\040main\040script}{}% 5
\BOOKMARK [2][-]{subsection.5.1}{The\040Protocol}{section.5}% 6
\BOOKMARK [1][-]{section.6}{Experiment\040Class}{}% 7
\BOOKMARK [1][-]{section.7}{Sample\040Class}{}% 8
\BOOKMARK [1][-]{section.8}{Data\040Class}{}% 9
\BOOKMARK [1][-]{section.9}{The\040Fit\040Class}{}% 10
\BOOKMARK [2][-]{subsection.9.1}{The\040Resolution\040function}{section.9}% 11
\BOOKMARK [2][-]{subsection.9.2}{The\040Fit\040levels\040for\040QENS\040spectra}{section.9}% 12
\BOOKMARK [2][-]{subsection.9.3}{The\040different\040implemented\040fit\040models}{section.9}% 13
\BOOKMARK [2][-]{subsection.9.4}{Solvent\040handling}{section.9}% 14
\BOOKMARK [3][-]{subsubsection.9.4.1}{Solvent\040treatment}{subsection.9.4}% 15
\BOOKMARK [3][-]{subsubsection.9.4.2}{Solvent\040rescaling}{subsection.9.4}% 16
\BOOKMARK [3][-]{subsubsection.9.4.3}{Solvent\040modeling}{subsection.9.4}% 17
\BOOKMARK [1][-]{section.10}{Plot\040and\040saving\040options}{}% 18
\BOOKMARK [1][-]{section*.2}{Appendix}{}% 19
\BOOKMARK [1][-]{appendix.A}{Overview\040of\040flags\040to\040control\040script}{}% 20
\BOOKMARK [1][-]{appendix.B}{Index}{}% 21
\BOOKMARK [1][-]{appendix.C}{Glossary}{}% 22
\BOOKMARK [1][-]{appendix.D}{Literature}{}% 23
